[debug] [2023-07-01T14:30:28.170Z] ----------------------------------------------------------------------
[debug] [2023-07-01T14:30:28.171Z] Command:       /Users/hunny/.nvm/versions/node/v19.8.1/bin/node /Users/hunny/.nvm/versions/node/v19.8.1/bin/firebase deploy
[debug] [2023-07-01T14:30:28.172Z] CLI Version:   12.4.2
[debug] [2023-07-01T14:30:28.172Z] Platform:      darwin
[debug] [2023-07-01T14:30:28.172Z] Node Version:  v19.8.1
[debug] [2023-07-01T14:30:28.172Z] Time:          Sat Jul 01 2023 20:00:28 GMT+0530 (India Standard Time)
[debug] [2023-07-01T14:30:28.172Z] ----------------------------------------------------------------------
[debug] 
[debug] [2023-07-01T14:30:28.204Z] > command requires scopes: ["email","openid","https://www.googleapis.com/auth/cloudplatformprojects.readonly","https://www.googleapis.com/auth/firebase","https://www.googleapis.com/auth/cloud-platform"]
[debug] [2023-07-01T14:30:28.204Z] > authorizing via signed-in user (ujjwalsingh1629@gmail.com)
[debug] [2023-07-01T14:30:28.204Z] [iam] checking project linkedin-clone-us for permissions ["firebase.projects.get","firebasehosting.sites.update"]
[debug] [2023-07-01T14:30:28.205Z] >>> [apiv2][query] POST https://cloudresourcemanager.googleapis.com/v1/projects/linkedin-clone-us:testIamPermissions [none]
[debug] [2023-07-01T14:30:28.205Z] >>> [apiv2][(partial)header] POST https://cloudresourcemanager.googleapis.com/v1/projects/linkedin-clone-us:testIamPermissions x-goog-quota-user=projects/linkedin-clone-us
[debug] [2023-07-01T14:30:28.205Z] >>> [apiv2][body] POST https://cloudresourcemanager.googleapis.com/v1/projects/linkedin-clone-us:testIamPermissions {"permissions":["firebase.projects.get","firebasehosting.sites.update"]}
[debug] [2023-07-01T14:30:28.227Z] [iam] error while checking permissions, command may fail: FirebaseError: Failed to make request to https://cloudresourcemanager.googleapis.com/v1/projects/linkedin-clone-us:testIamPermissions
[debug] [2023-07-01T14:30:28.227Z] >>> [apiv2][query] GET https://firebase.googleapis.com/v1beta1/projects/linkedin-clone-us [none]
[debug] [2023-07-01T14:30:28.230Z] Failed to make request to https://firebase.googleapis.com/v1beta1/projects/linkedin-clone-us (original: request to https://firebase.googleapis.com/v1beta1/projects/linkedin-clone-us failed, reason: getaddrinfo ENOTFOUND firebase.googleapis.com)
[debug] [2023-07-01T14:30:28.232Z] FirebaseError: Failed to make request to https://firebase.googleapis.com/v1beta1/projects/linkedin-clone-us
    at RetryOperation._fn (/Users/hunny/.nvm/versions/node/v19.8.1/lib/node_modules/firebase-tools/lib/apiv2.js:242:31)
    at process.processTicksAndRejections (node:internal/process/task_queues:95:5)
[error] 
[error] Error: Failed to get Firebase project linkedin-clone-us. Please make sure the project exists and your account has permission to access it.
